<?xml version="1.0" encoding="UTF-8"?>
<!-- Generated by org.testng.reporters.JUnitReportReporter -->
<testsuite hostname="DESKTOP-REFGLCR" failures="0" tests="1" name="Individual_Test_Cases.Testsecond" time="0.006" errors="0" timestamp="2023-11-14T19:51:26 IST" skipped="0">
  <testcase classname="Individual_Test_Cases.Testsecond" name="testSecond" time="0.006"/>
  <system-out/>
</testsuite> <!-- Individual_Test_Cases.Testsecond -->
