<?xml version="1.0" encoding="UTF-8"?>
<!-- Generated by org.testng.reporters.JUnitReportReporter -->
<testsuite hostname="DESKTOP-REFGLCR" failures="0" tests="2" name="docker.DockerTest5" time="13.229" errors="0" timestamp="2024-06-28T17:28:30 IST" skipped="0">
  <testcase classname="docker.DockerTest5" name="openAmazon" time="7.141"/>
  <system-out/>
  <testcase classname="docker.DockerTest5" name="openAmazon" time="6.088"/>
  <system-out/>
</testsuite> <!-- docker.DockerTest5 -->
