<?xml version="1.0" encoding="UTF-8"?>
<!-- Generated by org.testng.reporters.JUnitReportReporter -->
<testsuite hostname="DESKTOP-REFGLCR" failures="0" tests="1" name="base.Baseclass" time="0.005" errors="0" timestamp="2024-06-23T19:31:12 IST" skipped="0">
  <testcase classname="base.Baseclass" name="testProperties" time="0.005"/>
  <system-out/>
</testsuite> <!-- base.Baseclass -->
