<?xml version="1.0" encoding="UTF-8"?>
<!-- Generated by org.testng.reporters.JUnitReportReporter -->
<testsuite hostname="DESKTOP-REFGLCR" failures="0" tests="2" name="Concepts.Third" time="0.004" errors="0" timestamp="2024-06-22T18:10:21 IST" skipped="0">
  <testcase classname="Concepts.Third" name="secondTest" time="0.001"/>
  <system-out/>
  <testcase classname="Concepts.Third" name="fourthTest" time="0.003"/>
  <system-out/>
</testsuite> <!-- Concepts.Third -->
