<?xml version="1.0" encoding="UTF-8"?>
<!-- Generated by org.testng.reporters.JUnitReportReporter -->
<testsuite hostname="DESKTOP-REFGLCR" failures="0" tests="1" name="test.Google" time="6.470" errors="0" timestamp="2024-06-26T08:23:29 IST" skipped="0">
  <testcase classname="test.Google" name="openGoogle" time="6.470"/>
  <system-out/>
</testsuite> <!-- test.Google -->
