<?xml version="1.0" encoding="UTF-8"?>
<!-- Generated by org.testng.reporters.JUnitReportReporter -->
<testsuite hostname="DESKTOP-REFGLCR" failures="0" tests="2" name="docker.DockerTest" time="14.038" errors="0" timestamp="2024-06-28T17:28:30 IST" skipped="0">
  <testcase classname="docker.DockerTest" name="openAmazon" time="9.122"/>
  <system-out/>
  <testcase classname="docker.DockerTest" name="openAmazon" time="4.916"/>
  <system-out/>
</testsuite> <!-- docker.DockerTest -->
