<?xml version="1.0" encoding="UTF-8"?>
<!-- Generated by org.testng.reporters.JUnitReportReporter -->
<testsuite hostname="DESKTOP-REFGLCR" failures="0" tests="2" name="Individual_Test_Cases.Testngconcepts" time="0.019" errors="0" timestamp="2023-11-14T19:24:04 IST" skipped="0">
  <testcase classname="Individual_Test_Cases.Testngconcepts" name="testFirst" time="0.012"/>
  <system-out/>
  <testcase classname="Individual_Test_Cases.Testngconcepts" name="testSecond" time="0.007"/>
  <system-out/>
</testsuite> <!-- Individual_Test_Cases.Testngconcepts -->
