<?xml version="1.0" encoding="UTF-8"?>
<!-- Generated by org.testng.reporters.JUnitReportReporter -->
<testsuite hostname="DESKTOP-REFGLCR" failures="0" tests="2" name="Concepts.Second" time="0.008" errors="0" timestamp="2024-06-22T18:10:21 IST" skipped="0">
  <testcase classname="Concepts.Second" name="firstTest" time="0.006"/>
  <system-out/>
  <testcase classname="Concepts.Second" name="thirdTest" time="0.002"/>
  <system-out/>
</testsuite> <!-- Concepts.Second -->
