<?xml version="1.0" encoding="UTF-8"?>
<!-- Generated by org.testng.reporters.JUnitReportReporter -->
<testsuite hostname="DESKTOP-REFGLCR" failures="0" tests="4" name="test.Flowtest" time="25.805" errors="0" timestamp="2024-10-05T17:44:55 IST" skipped="0">
  <testcase classname="test.Flowtest" name="firstTestMethod" time="2.740"/>
  <system-out/>
  <testcase classname="test.Flowtest" name="secondTestMethod" time="8.991"/>
  <system-out/>
  <testcase classname="test.Flowtest" name="thirdTestMethod" time="11.567"/>
  <system-out/>
  <testcase classname="test.Flowtest" name="falseComparision" time="2.507"/>
  <system-out/>
</testsuite> <!-- test.Flowtest -->
