<?xml version="1.0" encoding="UTF-8"?>
<!-- Generated by org.testng.reporters.JUnitReportReporter -->
<testsuite hostname="DESKTOP-REFGLCR" failures="0" tests="1" name="amazonPractise.Menucheck" time="6.800" errors="0" timestamp="2024-06-30T11:24:05 IST" skipped="0">
  <testcase classname="amazonPractise.Menucheck" name="mainn" time="6.800"/>
  <system-out/>
</testsuite> <!-- amazonPractise.Menucheck -->
