<?xml version="1.0" encoding="UTF-8"?>
<!-- Generated by org.testng.reporters.JUnitReportReporter -->
<testsuite hostname="DESKTOP-REFGLCR" failures="0" tests="1" name="Concepts.First" time="0.005" errors="0" timestamp="2024-06-23T19:37:57 IST" skipped="0">
  <testcase classname="Concepts.First" name="testRunProperty" time="0.005"/>
  <system-out/>
</testsuite> <!-- Concepts.First -->
