<?xml version="1.0" encoding="UTF-8"?>
<!-- Generated by org.testng.reporters.JUnitReportReporter -->
<testsuite hostname="DESKTOP-REFGLCR" failures="0" tests="1" name="Individual_Test_Cases.Testfirst" time="0.009" errors="0" timestamp="2023-11-14T19:51:26 IST" skipped="0">
  <testcase classname="Individual_Test_Cases.Testfirst" name="testFirst" time="0.009"/>
  <system-out/>
</testsuite> <!-- Individual_Test_Cases.Testfirst -->
