<?xml version="1.0" encoding="UTF-8"?>
<!-- Generated by org.testng.reporters.JUnitReportReporter -->
<testsuite hostname="DESKTOP-REFGLCR" failures="0" tests="4" name="test.Flowtest" time="25.067" errors="0" timestamp="2024-07-03T08:52:58 IST" skipped="0">
  <testcase classname="test.Flowtest" name="firstTestMethod" time="3.324"/>
  <system-out/>
  <testcase classname="test.Flowtest" name="secondTestMethod" time="7.334"/>
  <system-out/>
  <testcase classname="test.Flowtest" name="thirdTestMethod" time="10.573"/>
  <system-out/>
  <testcase classname="test.Flowtest" name="falseComparision" time="3.836"/>
  <system-out/>
</testsuite> <!-- test.Flowtest -->
