<?xml version="1.0" encoding="UTF-8"?>
<!-- Generated by org.testng.reporters.JUnitReportReporter -->
<testsuite hostname="DESKTOP-REFGLCR" failures="0" tests="5" name="javaLearning.Hasmapconcepts" time="0.012" errors="0" timestamp="2024-06-19T08:08:44 IST" skipped="4">
  <testcase classname="javaLearning.Hasmapconcepts" name="compareTwoHashmapValueSecondMethod" time="0.012"/>
  <system-out/>
  <testcase classname="javaLearning.Hasmapconcepts" name="compareTwoHashmapKey">
    <skipped/>
  </testcase> <!-- compareTwoHashmapKey -->
  <system-out/>
  <testcase classname="javaLearning.Hasmapconcepts" name="addArrayListIntoHashMap">
    <skipped/>
  </testcase> <!-- addArrayListIntoHashMap -->
  <system-out/>
  <testcase classname="javaLearning.Hasmapconcepts" name="compareTwoHashmap">
    <skipped/>
  </testcase> <!-- compareTwoHashmap -->
  <system-out/>
  <testcase classname="javaLearning.Hasmapconcepts" name="compareTwoHashmapValue">
    <skipped/>
  </testcase> <!-- compareTwoHashmapValue -->
  <system-out/>
</testsuite> <!-- javaLearning.Hasmapconcepts -->
