<?xml version="1.0" encoding="UTF-8"?>
<!-- Generated by org.testng.reporters.JUnitReportReporter -->
<testsuite hostname="DESKTOP-REFGLCR" failures="0" tests="1" name="listener.Skipfunctionality" time="0.010" errors="0" timestamp="2024-06-20T08:55:18 IST" skipped="0">
  <testcase classname="listener.Skipfunctionality" name="checking" time="0.010"/>
</testsuite> <!-- listener.Skipfunctionality -->
