<?xml version="1.0" encoding="UTF-8"?>
<!-- Generated by org.testng.reporters.JUnitReportReporter -->
<testsuite hostname="DESKTOP-REFGLCR" failures="0" tests="2" name="docker.DockerTest4" time="16.500" errors="0" timestamp="2024-06-28T17:28:30 IST" skipped="0">
  <testcase classname="docker.DockerTest4" name="openAmazon" time="8.091"/>
  <system-out/>
  <testcase classname="docker.DockerTest4" name="openAmazon" time="8.409"/>
  <system-out/>
</testsuite> <!-- docker.DockerTest4 -->
