<?xml version="1.0" encoding="UTF-8"?>
<!-- Generated by org.testng.reporters.JUnitReportReporter -->
<testsuite hostname="DESKTOP-REFGLCR" failures="0" tests="2" name="docker.DockerTest2" time="14.095" errors="0" timestamp="2024-06-28T17:28:30 IST" skipped="0">
  <testcase classname="docker.DockerTest2" name="openAmazon" time="8.477"/>
  <system-out/>
  <testcase classname="docker.DockerTest2" name="openAmazon" time="5.618"/>
  <system-out/>
</testsuite> <!-- docker.DockerTest2 -->
