<?xml version="1.0" encoding="UTF-8"?>
<!-- Generated by org.testng.reporters.JUnitReportReporter -->
<testsuite hostname="DESKTOP-REFGLCR" failures="0" tests="1" name="Individual_Test_Cases.Testng" time="1.550" errors="0" timestamp="2023-10-26T09:36:31 IST" skipped="0">
  <testcase classname="Individual_Test_Cases.Testng" name="testOne" time="1.550"/>
  <system-out/>
</testsuite> <!-- Individual_Test_Cases.Testng -->
