<?xml version="1.0" encoding="UTF-8"?>
<!-- Generated by org.testng.reporters.JUnitReportReporter -->
<testsuite hostname="DESKTOP-REFGLCR" failures="0" tests="4" name="test.Flowtest" time="24.018" errors="0" timestamp="2024-10-05T17:46:21 IST" skipped="0">
  <testcase classname="test.Flowtest" name="firstTestMethod" time="2.699"/>
  <system-out/>
  <testcase classname="test.Flowtest" name="secondTestMethod" time="8.498"/>
  <system-out/>
  <testcase classname="test.Flowtest" name="thirdTestMethod" time="9.981"/>
  <system-out/>
  <testcase classname="test.Flowtest" name="falseComparision" time="2.840"/>
  <system-out/>
</testsuite> <!-- test.Flowtest -->
