<?xml version="1.0" encoding="UTF-8"?>
<!-- Generated by org.testng.reporters.JUnitReportReporter -->
<testsuite hostname="DESKTOP-REFGLCR" failures="0" tests="4" name="test.Flowtest" time="24.808" errors="0" timestamp="2024-07-03T08:48:28 IST" skipped="0">
  <testcase classname="test.Flowtest" name="firstTestMethod" time="3.234"/>
  <system-out/>
  <testcase classname="test.Flowtest" name="secondTestMethod" time="7.113"/>
  <system-out/>
  <testcase classname="test.Flowtest" name="thirdTestMethod" time="11.373"/>
  <system-out/>
  <testcase classname="test.Flowtest" name="falseComparision" time="3.088"/>
  <system-out/>
</testsuite> <!-- test.Flowtest -->
